2025-04-23 19:06:50,351 - INFO - 开始加载数据...
2025-04-23 19:06:50,354 - INFO - 数据加载完成。唐诗: 69首，宋词: 87首
2025-04-23 19:06:50,354 - INFO - 开始分析基本统计信息...
2025-04-23 19:06:50,354 - INFO - 基本统计信息分析完成
2025-04-23 19:06:50,354 - INFO - 开始分析文本特征...
2025-04-23 19:06:50,354 - INFO - 文本特征分析完成
2025-04-23 19:06:50,354 - INFO - 开始生成可视化图表...
2025-04-23 19:06:51,023 - INFO - 可视化图表生成完成
2025-04-23 19:06:51,023 - INFO - 开始生成分析报告...
2025-04-23 19:07:55,464 - INFO - 开始加载数据...
2025-04-23 19:07:55,468 - INFO - 数据加载完成。唐诗: 69首，宋词: 87首
2025-04-23 19:07:55,468 - INFO - 开始分析基本统计信息...
2025-04-23 19:07:55,468 - INFO - 基本统计信息分析完成
2025-04-23 19:07:55,468 - INFO - 开始分析文本特征...
2025-04-23 19:07:55,468 - INFO - 文本特征分析完成
2025-04-23 19:07:55,468 - INFO - 开始生成可视化图表...
2025-04-23 19:07:55,495 - INFO - 开始加载数据...
2025-04-23 19:07:55,497 - INFO - 数据加载完成。唐诗: 69首，宋词: 87首
2025-04-23 19:07:55,497 - INFO - 开始分析基本统计信息...
2025-04-23 19:07:55,497 - INFO - 基本统计信息分析完成
2025-04-23 19:07:55,497 - INFO - 开始分析文本特征...
2025-04-23 19:07:55,497 - INFO - 文本特征分析完成
2025-04-23 19:07:55,497 - INFO - 开始生成可视化图表...
2025-04-23 19:07:55,994 - INFO - 可视化图表生成完成
2025-04-23 19:07:55,994 - INFO - 开始生成分析报告...
2025-04-23 19:07:55,994 - INFO - 可视化图表生成完成
2025-04-23 19:07:55,994 - INFO - 开始生成分析报告...
2025-04-23 19:07:55,999 - INFO - 分析报告生成完成
2025-04-23 19:07:55,999 - INFO - 分析报告生成完成
2025-04-23 19:07:55,999 - INFO - 分析完成！报告和可视化结果已保存到 analysis_output 目录
2025-04-23 19:07:55,999 - INFO - 分析完成！报告和可视化结果已保存到 analysis_output 目录
2025-04-23 19:08:19,558 - INFO - 开始加载数据...
2025-04-23 19:08:19,559 - INFO - 数据加载完成。唐诗: 69首，宋词: 87首
2025-04-23 19:08:19,559 - INFO - 开始分析基本统计信息...
2025-04-23 19:08:19,559 - INFO - 基本统计信息分析完成
2025-04-23 19:08:19,559 - INFO - 开始分析文本特征...
2025-04-23 19:08:19,563 - INFO - 文本特征分析完成
2025-04-23 19:08:19,563 - INFO - 开始生成可视化图表...
2025-04-23 19:08:20,069 - INFO - 可视化图表生成完成
2025-04-23 19:08:20,070 - INFO - 开始生成分析报告...
2025-04-23 19:08:20,074 - INFO - 分析报告生成完成
2025-04-23 19:08:20,074 - INFO - 分析完成！报告和可视化结果已保存到 analysis_output 目录
2025-04-23 19:10:22,691 - INFO - 开始加载数据...
2025-04-23 19:10:22,694 - INFO - 数据加载完成。唐诗: 69首，宋词: 87首
2025-04-23 19:10:22,694 - INFO - 开始分析基本统计信息...
2025-04-23 19:10:22,694 - INFO - 基本统计信息分析完成
2025-04-23 19:10:22,694 - INFO - 开始分析文本特征...
2025-04-23 19:10:22,698 - INFO - 文本特征分析完成
2025-04-23 19:10:22,698 - INFO - 开始生成可视化图表...
2025-04-23 19:10:23,182 - INFO - 可视化图表生成完成
2025-04-23 19:10:23,182 - INFO - 开始生成分析报告...
2025-04-23 19:10:23,187 - INFO - 分析报告生成完成
2025-04-23 19:10:23,188 - INFO - 分析完成！报告和可视化结果已保存到 analysis_output 目录
2025-04-23 19:10:54,724 - INFO - 开始加载数据...
2025-04-23 19:10:54,725 - WARNING - 跳过不完整的数据记录: 送别
2025-04-23 19:10:54,725 - WARNING - 跳过不完整的数据记录: 新嫁娘词三首
2025-04-23 19:10:54,725 - WARNING - 跳过不完整的数据记录: 杂诗三首·其二
2025-04-23 19:10:54,725 - WARNING - 跳过不完整的数据记录: 登鹳雀楼
2025-04-23 19:10:54,725 - WARNING - 跳过不完整的数据记录: 相思
2025-04-23 19:10:54,725 - WARNING - 跳过不完整的数据记录: 竹里馆
2025-04-23 19:10:54,725 - WARNING - 跳过不完整的数据记录: 行宫
2025-04-23 19:10:54,725 - WARNING - 跳过不完整的数据记录: 鹿柴
2025-04-23 19:10:54,726 - WARNING - 跳过不完整的数据记录: 为有
2025-04-23 19:10:54,726 - WARNING - 跳过不完整的数据记录: 九月九日忆山东兄弟
2025-04-23 19:10:54,726 - WARNING - 跳过不完整的数据记录: 凉州词
2025-04-23 19:10:54,726 - WARNING - 跳过不完整的数据记录: 后宫词
2025-04-23 19:10:54,726 - WARNING - 跳过不完整的数据记录: 夜上受降城闻笛
2025-04-23 19:10:54,726 - WARNING - 跳过不完整的数据记录: 夜雨寄北
2025-04-23 19:10:54,726 - WARNING - 跳过不完整的数据记录: 嫦娥
2025-04-23 19:10:54,726 - WARNING - 跳过不完整的数据记录: 宫词
2025-04-23 19:10:54,726 - WARNING - 跳过不完整的数据记录: 寄令狐郎中
2025-04-23 19:10:54,726 - WARNING - 跳过不完整的数据记录: 寄扬州韩绰判官
2025-04-23 19:10:54,726 - WARNING - 跳过不完整的数据记录: 早发白帝城
2025-04-23 19:10:54,726 - WARNING - 跳过不完整的数据记录: 春宫曲
2025-04-23 19:10:54,726 - WARNING - 跳过不完整的数据记录: 江南逢李龟年
2025-04-23 19:10:54,726 - WARNING - 跳过不完整的数据记录: 瑶池
2025-04-23 19:10:54,726 - WARNING - 跳过不完整的数据记录: 芙蓉楼送辛渐
2025-04-23 19:10:54,726 - WARNING - 跳过不完整的数据记录: 贾生
2025-04-23 19:10:54,726 - WARNING - 跳过不完整的数据记录: 赠别二首·其一
2025-04-23 19:10:54,726 - WARNING - 跳过不完整的数据记录: 赠别二首·其二
2025-04-23 19:10:54,726 - WARNING - 跳过不完整的数据记录: 近试上张水部
2025-04-23 19:10:54,726 - WARNING - 跳过不完整的数据记录: 逢入京使
2025-04-23 19:10:54,726 - WARNING - 跳过不完整的数据记录: 金谷园
2025-04-23 19:10:54,726 - WARNING - 跳过不完整的数据记录: 闺怨
2025-04-23 19:10:54,726 - WARNING - 跳过不完整的数据记录: 隋宫
2025-04-23 19:10:54,726 - WARNING - 跳过不完整的数据记录: 逢入京使
2025-04-23 19:10:54,726 - WARNING - 跳过不完整的数据记录: 听蜀僧濬弹琴
2025-04-23 19:10:54,726 - WARNING - 跳过不完整的数据记录: 喜外弟卢纶见宿
2025-04-23 19:10:54,727 - WARNING - 跳过不完整的数据记录: 夜泊牛渚怀古
2025-04-23 19:10:54,727 - WARNING - 跳过不完整的数据记录: 寄左省杜拾遗
2025-04-23 19:10:54,727 - WARNING - 跳过不完整的数据记录: 山居秋暝
2025-04-23 19:10:54,727 - WARNING - 跳过不完整的数据记录: 归嵩山作
2025-04-23 19:10:54,727 - WARNING - 跳过不完整的数据记录: 次北固山下
2025-04-23 19:10:54,727 - WARNING - 跳过不完整的数据记录: 汉江临泛
2025-04-23 19:10:54,727 - WARNING - 跳过不完整的数据记录: 渡荆门送别
2025-04-23 19:10:54,727 - WARNING - 跳过不完整的数据记录: 终南别业
2025-04-23 19:10:54,727 - WARNING - 跳过不完整的数据记录: 终南山
2025-04-23 19:10:54,727 - WARNING - 跳过不完整的数据记录: 贼平后送人北归
2025-04-23 19:10:54,727 - WARNING - 跳过不完整的数据记录: 赋得古原草送别
2025-04-23 19:10:54,727 - WARNING - 跳过不完整的数据记录: 赠孟浩然
2025-04-23 19:10:54,727 - WARNING - 跳过不完整的数据记录: 辋川闲居赠裴秀才迪
2025-04-23 19:10:54,727 - WARNING - 跳过不完整的数据记录: 过香积寺
2025-04-23 19:10:54,727 - WARNING - 跳过不完整的数据记录: 送友人
2025-04-23 19:10:54,727 - WARNING - 跳过不完整的数据记录: 送杜少府之任蜀州
2025-04-23 19:10:54,727 - WARNING - 跳过不完整的数据记录: 送梓州李使君
2025-04-23 19:10:54,727 - WARNING - 跳过不完整的数据记录: 酬张少府
2025-04-23 19:10:54,727 - WARNING - 跳过不完整的数据记录: 题大庾岭北驿
2025-04-23 19:10:54,727 - WARNING - 跳过不完整的数据记录: 奉和中书舍人贾至早朝大明宫
2025-04-23 19:10:54,727 - WARNING - 跳过不完整的数据记录: 奉和圣制从蓬莱向兴庆阁道中留春雨中春望之作应制
2025-04-23 19:10:54,727 - WARNING - 跳过不完整的数据记录: 无题·凤尾香罗薄几重
2025-04-23 19:10:54,727 - WARNING - 跳过不完整的数据记录: 无题·来是空言去绝踪
2025-04-23 19:10:54,727 - WARNING - 跳过不完整的数据记录: 无题·相见时难别亦难
2025-04-23 19:10:54,727 - WARNING - 跳过不完整的数据记录: 无题·重帏深下莫愁堂
2025-04-23 19:10:54,727 - WARNING - 跳过不完整的数据记录: 无题二首·其一
2025-04-23 19:10:54,727 - WARNING - 跳过不完整的数据记录: 春雨
2025-04-23 19:10:54,727 - WARNING - 跳过不完整的数据记录: 望月有感
2025-04-23 19:10:54,728 - WARNING - 跳过不完整的数据记录: 登金陵凤凰台
2025-04-23 19:10:54,728 - WARNING - 跳过不完整的数据记录: 积雨辋川庄作
2025-04-23 19:10:54,728 - WARNING - 跳过不完整的数据记录: 筹笔驿
2025-04-23 19:10:54,728 - WARNING - 跳过不完整的数据记录: 遣悲怀三首·其一
2025-04-23 19:10:54,728 - WARNING - 跳过不完整的数据记录: 遣悲怀三首·其三
2025-04-23 19:10:54,728 - WARNING - 跳过不完整的数据记录: 遣悲怀三首·其二
2025-04-23 19:10:54,728 - WARNING - 跳过不完整的数据记录: 酬郭给事
2025-04-23 19:10:54,728 - WARNING - 跳过不完整的数据记录: 六丑·蔷薇谢后作
2025-04-23 19:10:54,728 - WARNING - 跳过不完整的数据记录: 兰陵王·柳
2025-04-23 19:10:54,728 - WARNING - 跳过不完整的数据记录: 减字木兰花·竞渡
2025-04-23 19:10:54,728 - WARNING - 跳过不完整的数据记录: 凤箫吟·锁离愁
2025-04-23 19:10:54,728 - WARNING - 跳过不完整的数据记录: 卜算子·我住长江头
2025-04-23 19:10:54,728 - WARNING - 跳过不完整的数据记录: 夜游宫·叶下斜阳照水
2025-04-23 19:10:54,728 - WARNING - 跳过不完整的数据记录: 定风波·自春来惨绿愁红
2025-04-23 19:10:54,728 - WARNING - 跳过不完整的数据记录: 少年游·并刀如水
2025-04-23 19:10:54,728 - WARNING - 跳过不完整的数据记录: 念奴娇·断虹霁雨
2025-04-23 19:10:54,728 - WARNING - 跳过不完整的数据记录: 桂枝香·金陵怀古
2025-04-23 19:10:54,728 - WARNING - 跳过不完整的数据记录: 水调歌头·游览
2025-04-23 19:10:54,728 - WARNING - 跳过不完整的数据记录: 洞仙歌·雪云散尽
2025-04-23 19:10:54,728 - WARNING - 跳过不完整的数据记录: 浪淘沙·把酒祝东风
2025-04-23 19:10:54,729 - WARNING - 跳过不完整的数据记录: 浪淘沙令·伊吕两衰翁
2025-04-23 19:10:54,729 - WARNING - 跳过不完整的数据记录: 清平乐·春归何处
2025-04-23 19:10:54,729 - WARNING - 跳过不完整的数据记录: 清平乐·春晚
2025-04-23 19:10:54,729 - WARNING - 跳过不完整的数据记录: 渔家傲·小雨纤纤风细细
2025-04-23 19:10:54,729 - WARNING - 跳过不完整的数据记录: 渔家傲·平岸小桥千嶂抱
2025-04-23 19:10:54,729 - WARNING - 跳过不完整的数据记录: 渔家傲·秋思
2025-04-23 19:10:54,729 - WARNING - 跳过不完整的数据记录: 渔家傲·花底忽闻敲两桨
2025-04-23 19:10:54,729 - WARNING - 跳过不完整的数据记录: 渔家傲·近日门前溪水涨
2025-04-23 19:10:54,729 - WARNING - 跳过不完整的数据记录: 满庭芳·夏日溧水无想山作
2025-04-23 19:10:54,729 - WARNING - 跳过不完整的数据记录: 点绛唇·感兴
2025-04-23 19:10:54,729 - WARNING - 跳过不完整的数据记录: 玉楼春·桃溪不作从容住
2025-04-23 19:10:54,729 - WARNING - 跳过不完整的数据记录: 瑞龙吟·大石春景
2025-04-23 19:10:54,729 - WARNING - 跳过不完整的数据记录: 生查子·元夕
2025-04-23 19:10:54,729 - WARNING - 跳过不完整的数据记录: 眼儿媚·杨柳丝丝弄轻柔
2025-04-23 19:10:54,729 - WARNING - 跳过不完整的数据记录: 苏幕遮·怀旧
2025-04-23 19:10:54,729 - WARNING - 跳过不完整的数据记录: 满庭芳·夏日溧水无想山作
2025-04-23 19:10:54,729 - WARNING - 跳过不完整的数据记录: 虞美人·疏篱曲径田家小
2025-04-23 19:10:54,729 - WARNING - 跳过不完整的数据记录: 蝶恋花·伫倚危楼风细细
2025-04-23 19:10:54,729 - WARNING - 跳过不完整的数据记录: 蝶恋花·庭院深深深几许
2025-04-23 19:10:54,729 - WARNING - 跳过不完整的数据记录: 蝶恋花·秋思
2025-04-23 19:10:54,729 - WARNING - 跳过不完整的数据记录: 西河·金陵怀古
2025-04-23 19:10:54,729 - WARNING - 跳过不完整的数据记录: 解语花·上元
2025-04-23 19:10:54,729 - WARNING - 跳过不完整的数据记录: 诉衷情·眉意
2025-04-23 19:10:54,729 - WARNING - 跳过不完整的数据记录: 踏莎行·候馆梅残
2025-04-23 19:10:54,729 - WARNING - 跳过不完整的数据记录: 踏莎行·春暮
2025-04-23 19:10:54,729 - WARNING - 跳过不完整的数据记录: 酒泉子·长忆观潮
2025-04-23 19:10:54,729 - WARNING - 跳过不完整的数据记录: 长相思·吴山青
2025-04-23 19:10:54,729 - WARNING - 跳过不完整的数据记录: 雨霖铃·寒蝉凄切
2025-04-23 19:10:54,729 - WARNING - 跳过不完整的数据记录: 青门饮·寄宠人
2025-04-23 19:10:54,729 - WARNING - 跳过不完整的数据记录: 鹧鸪天·座中有眉山隐客史应之和前韵即席答之
2025-04-23 19:10:54,730 - WARNING - 跳过不完整的数据记录: 临江仙·夜登小阁忆洛中旧游
2025-04-23 19:10:54,730 - WARNING - 跳过不完整的数据记录: 卜算子·不是爱风尘
2025-04-23 19:10:54,730 - WARNING - 跳过不完整的数据记录: 卜算子·独自上层楼
2025-04-23 19:10:54,730 - WARNING - 跳过不完整的数据记录: 好事近·七月十三日夜登万花川谷望月作
2025-04-23 19:10:54,730 - WARNING - 跳过不完整的数据记录: 忆王孙·春词
2025-04-23 19:10:54,730 - WARNING - 跳过不完整的数据记录: 忆秦娥·与君别
2025-04-23 19:10:54,730 - WARNING - 跳过不完整的数据记录: 念奴娇·过洞庭
2025-04-23 19:10:54,730 - WARNING - 跳过不完整的数据记录: 念奴娇·闹红一舸
2025-04-23 19:10:54,730 - WARNING - 跳过不完整的数据记录: 扬州慢·淮左名都
2025-04-23 19:10:54,730 - WARNING - 跳过不完整的数据记录: 昭君怨·赋松上鸥
2025-04-23 19:10:54,730 - WARNING - 跳过不完整的数据记录: 暗香·旧时月色
2025-04-23 19:10:54,730 - WARNING - 跳过不完整的数据记录: 采桑子·恨君不似江楼月
2025-04-23 19:10:54,730 - WARNING - 跳过不完整的数据记录: 水调歌头·闻采石战胜
2025-04-23 19:10:54,730 - WARNING - 跳过不完整的数据记录: 江城子·示表侄刘国华
2025-04-23 19:10:54,730 - WARNING - 跳过不完整的数据记录: 湘春夜月·近清明
2025-04-23 19:10:54,730 - WARNING - 跳过不完整的数据记录: 满江红·送李御带珙
2025-04-23 19:10:54,730 - WARNING - 跳过不完整的数据记录: 点绛唇·丁未冬过吴松作
2025-04-23 19:10:54,730 - WARNING - 跳过不完整的数据记录: 疏影·苔枝缀玉
2025-04-23 19:10:54,730 - WARNING - 跳过不完整的数据记录: 秦楼月·芳菲歇
2025-04-23 19:10:54,730 - WARNING - 跳过不完整的数据记录: 苍梧谣·天
2025-04-23 19:10:54,731 - WARNING - 跳过不完整的数据记录: 蓦山溪·自述
2025-04-23 19:10:54,731 - WARNING - 跳过不完整的数据记录: 蝶恋花·春涨一篙添水面
2025-04-23 19:10:54,731 - WARNING - 跳过不完整的数据记录: 西江月·丹阳湖
2025-04-23 19:10:54,731 - WARNING - 跳过不完整的数据记录: 西江月·阻风山峰下
2025-04-23 19:10:54,731 - WARNING - 跳过不完整的数据记录: 谒金门·花过雨
2025-04-23 19:10:54,731 - WARNING - 跳过不完整的数据记录: 贺新郎·寄李伯纪丞相
2025-04-23 19:10:54,731 - WARNING - 跳过不完整的数据记录: 贺新郎·送胡邦衡待制赴新州
2025-04-23 19:10:54,731 - WARNING - 跳过不完整的数据记录: 踏莎行·自沔东来丁未元日至金陵江上感梦而作
2025-04-23 19:10:54,731 - WARNING - 跳过不完整的数据记录: 长亭怨慢·渐吹尽
2025-04-23 19:10:54,731 - WARNING - 跳过不完整的数据记录: 青玉案·年年社日停针线
2025-04-23 19:10:54,731 - WARNING - 跳过不完整的数据记录: 鹧鸪天·己酉之秋苕溪记所见
2025-04-23 19:10:54,731 - WARNING - 跳过不完整的数据记录: 齐天乐·蟋蟀
2025-04-23 19:10:54,732 - WARNING - 跳过不完整的数据记录: 浣溪沙·蓼岸风多橘柚香
2025-04-23 19:10:54,732 - WARNING - 跳过不完整的数据记录: 清平乐·雨晴烟晚
2025-04-23 19:10:54,732 - WARNING - 跳过不完整的数据记录: 渔歌子·西塞山前白鹭飞
2025-04-23 19:10:54,732 - WARNING - 跳过不完整的数据记录: 潇湘神·斑竹枝
2025-04-23 19:10:54,732 - WARNING - 跳过不完整的数据记录: 竹枝词·山桃红花满上头
2025-04-23 19:10:54,732 - WARNING - 跳过不完整的数据记录: 菩萨蛮·平林漠漠烟如织
2025-04-23 19:10:54,732 - WARNING - 跳过不完整的数据记录: 诉衷情·永夜抛人何处去
2025-04-23 19:10:54,732 - WARNING - 跳过不完整的数据记录: 调笑令·边草
2025-04-23 19:10:54,732 - WARNING - 跳过不完整的数据记录: 谒金门·风乍起
2025-04-23 19:10:54,732 - WARNING - 跳过不完整的数据记录: 长命女·春日宴
2025-04-23 19:10:54,732 - WARNING - 跳过不完整的数据记录: 鹊踏枝·几日行云何处去
2025-04-23 19:10:54,732 - WARNING - 跳过不完整的数据记录: 鹊踏枝·谁道闲情抛掷久
2025-04-23 19:10:54,732 - INFO - 数据加载完成。唐诗: 0首，宋词: 0首
2025-04-23 19:10:54,732 - INFO - 开始分析基本统计信息...
2025-04-23 19:15:24,535 - INFO - 开始加载数据...
2025-04-23 19:15:24,538 - INFO - 数据加载完成。唐诗: 69首，宋词: 87首
2025-04-23 19:15:24,538 - INFO - 开始分析基本统计信息...
2025-04-23 19:15:24,538 - INFO - 基本统计信息分析完成
2025-04-23 19:15:24,538 - INFO - 开始分析文本特征...
2025-04-23 19:15:24,542 - INFO - 文本特征分析完成
2025-04-23 19:15:24,542 - INFO - 开始生成可视化图表...
2025-04-23 19:15:25,066 - INFO - 可视化图表生成完成
2025-04-23 19:15:25,066 - INFO - 开始生成分析报告...
2025-04-23 19:15:25,072 - INFO - 分析报告生成完成
2025-04-23 19:15:25,072 - INFO - 分析完成！报告和可视化结果已保存到 analysis_output 目录
2025-04-23 19:18:24,405 - INFO - 开始加载数据...
2025-04-23 19:18:24,409 - INFO - 数据加载完成。唐诗: 69首，宋词: 87首
2025-04-23 19:18:24,409 - INFO - 开始分析基本统计信息...
2025-04-23 19:18:24,409 - INFO - 基本统计信息分析完成
2025-04-23 19:18:24,409 - INFO - 开始分析文本特征...
2025-04-23 19:18:24,413 - INFO - 文本特征分析完成
2025-04-23 19:18:24,413 - INFO - 开始生成可视化图表...
2025-04-23 19:18:25,888 - INFO - 可视化图表生成完成
2025-04-23 19:18:25,888 - INFO - 开始生成分析报告...
2025-04-23 19:18:25,895 - INFO - 分析报告生成完成
2025-04-23 19:18:25,895 - INFO - 分析完成！报告和可视化结果已保存到 analysis_output 目录
2025-04-23 19:30:13,696 - INFO - 开始加载数据...
2025-04-23 19:30:13,698 - INFO - 数据加载完成。唐诗: 69首，宋词: 87首
2025-04-23 19:30:13,698 - INFO - 开始分析基本统计信息...
2025-04-23 19:30:13,698 - INFO - 基本统计信息分析完成
2025-04-23 19:30:13,698 - INFO - 开始分析文本特征...
2025-04-23 19:30:13,702 - INFO - 文本特征分析完成
2025-04-23 19:30:13,702 - INFO - 开始生成可视化图表...
2025-04-23 19:30:16,062 - INFO - 可视化图表生成完成
2025-04-23 19:30:16,063 - INFO - 开始生成分析报告...
2025-04-23 19:30:16,067 - INFO - 分析报告生成完成
2025-04-23 19:30:16,067 - INFO - 分析完成！报告和可视化结果已保存到 analysis_output 目录
